<?xml version="1.0" encoding="UTF-8"?>
<testsuite name="com.cloutier.luhnexercise.service.LuhnTest" tests="8" skipped="0" failures="0" errors="0" timestamp="2021-03-19T17:47:09" hostname="C02V70TMG8WL" time="0.038">
  <properties/>
  <testcase name="test_partialCardCorrectCheckNumber()" classname="com.cloutier.luhnexercise.service.LuhnTest" time="0.021"/>
  <testcase name="test_countRangeStartIsEmpty()" classname="com.cloutier.luhnexercise.service.LuhnTest" time="0.001"/>
  <testcase name="test_emptyCardNoCheckNumber()" classname="com.cloutier.luhnexercise.service.LuhnTest" time="0.003"/>
  <testcase name="test_isValidLuhn()" classname="com.cloutier.luhnexercise.service.LuhnTest" time="0.001"/>
  <testcase name="processCardString()" classname="com.cloutier.luhnexercise.service.LuhnTest" time="0.001"/>
  <testcase name="test_nullString()" classname="com.cloutier.luhnexercise.service.LuhnTest" time="0.001"/>
  <testcase name="test_isInvalidLuhn()" classname="com.cloutier.luhnexercise.service.LuhnTest" time="0.001"/>
  <testcase name="test_countRangeOneValid()" classname="com.cloutier.luhnexercise.service.LuhnTest" time="0.001"/>
  <system-out><![CDATA[]]></system-out>
  <system-err><![CDATA[]]></system-err>
</testsuite>
